<?xml version="1.0" encoding="UTF-8"?>
<!-- Generated by org.testng.reporters.JUnitReportReporter -->
<testsuite hostname="DESKTOP-B0ERB3D" failures="0" tests="2" name="tests.TC25_ScrollUpUsingArrowButton" time="52.006" errors="0" timestamp="2026-07-12T17:22:23 EEST" skipped="0">
  <testcase classname="tests.TC25_ScrollUpUsingArrowButton" name="verifyScrollUpWithoutArrowButton" time="28.689"/>
  <testcase classname="tests.TC25_ScrollUpUsingArrowButton" name="verifyScrollUpUsingArrowButton" time="23.317"/>
</testsuite> <!-- tests.TC25_ScrollUpUsingArrowButton -->
