<?xml version="1.0" encoding="UTF-8"?>
<!-- Generated by org.testng.reporters.JUnitReportReporter -->
<testsuite hostname="DESKTOP-B0ERB3D" failures="0" tests="2" name="tests.ViewSearchProductsPage" time="109.991" errors="0" timestamp="2026-07-13T16:36:29 EEST" skipped="0">
  <testcase classname="tests.ViewSearchProductsPage" name="verifyAllProductsAndProductDetailPage" time="47.683"/>
  <testcase classname="tests.ViewSearchProductsPage" name="verifyAllProductsAndProductDetailPage" time="62.308"/>
</testsuite> <!-- tests.ViewSearchProductsPage -->
