<?xml version="1.0" encoding="UTF-8"?>
<!-- Generated by org.testng.reporters.JUnitReportReporter -->
<testsuite hostname="DESKTOP-B0ERB3D" failures="0" tests="2" name="tests.Login_NegativeScenario" time="58.447" errors="0" timestamp="2026-07-16T02:40:02 EEST" skipped="0">
  <testcase classname="tests.Login_NegativeScenario" name="testLogin_IcorrectData" time="31.856"/>
  <testcase classname="tests.Login_NegativeScenario" name="testLogin_IcorrectData" time="26.591"/>
</testsuite> <!-- tests.Login_NegativeScenario -->
