<?xml version="1.0" encoding="UTF-8"?>
<!-- Generated by org.testng.reporters.JUnitXMLReporter -->
<testsuite ignored="0" hostname="DESKTOP-B0ERB3D" failures="0" tests="2" name="SearchProducts" time="110.11" errors="0" timestamp="2026-07-13T16:35:35 EEST">
  <testcase classname="tests.ViewSearchProductsPage" name="verifyAllProductsAndProductDetailPage" time="19.854"/>
  <testcase classname="tests.ViewSearchProductsPage" name="verifyAllProductsAndProductDetailPage" time="34.203"/>
</testsuite> <!-- SearchProducts -->
