<?xml version="1.0" encoding="UTF-8"?>
<!-- Generated by org.testng.reporters.JUnitXMLReporter -->
<testsuite ignored="0" hostname="DESKTOP-B0ERB3D" failures="0" tests="7" name="Automation Exercise Tests" time="430.389" errors="0" timestamp="2026-07-12T19:04:42 EEST">
  <testcase classname="tests.TestBase" name="@BeforeMethod openWebsite" time="1.875">
    <failure type="org.openqa.selenium.WebDriverException" message="unknown error: JavaScript code failed
from unknown command: &amp;apos;Runtime.evaluate&amp;apos; wasn&amp;apos;t found
  (Session info: chrome=150.0.7871.114)
Build info: version: &amp;apos;4.45.0&amp;apos;, revision: &amp;apos;cd6a3cd cd6a3cdfca6970f62e5bc8344109d0fe0e2af05e&amp;apos;
System info: os.name: &amp;apos;Windows 10&amp;apos;, os.arch: &amp;apos;amd64&amp;apos;, os.version: &amp;apos;10.0&amp;apos;, java.version: &amp;apos;25.0.1&amp;apos;
Driver info: org.openqa.selenium.chrome.ChromeDriver
Command: [61e033283bbd1291ff105975b571c530, maximizeCurrentWindow {}]
Capabilities {acceptInsecureCerts: false, browserName: chrome, browserVersion: 150.0.7871.114, chrome: {chromedriverVersion: 150.0.7871.115 (25f5b661e5b..., userDataDir: C:\Users\WORKST~1\AppData\L...}, fedcm:accounts: true, goog:chromeOptions: {debuggerAddress: localhost:51909}, goog:processID: 6232, networkConnectionEnabled: false, pageLoadStrategy: normal, platformName: windows, proxy: Proxy(), se:cdp: ws://localhost:51909/devtoo..., se:cdpVersion: 150.0.7871.114, setWindowRect: true, strictFileInteractability: false, timeouts: {implicit: 0, pageLoad: 300000, script: 30000}, unhandledPromptBehavior: dismiss and notify, webauthn:extension:credBlob: true, webauthn:extension:largeBlob: true, webauthn:extension:minPinLength: true, webauthn:extension:prf: true, webauthn:virtualAuthenticators: true}
Session ID: 61e033283bbd1291ff105975b571c530">
      <![CDATA[org.openqa.selenium.WebDriverException: unknown error: JavaScript code failed
from unknown command: 'Runtime.evaluate' wasn't found
  (Session info: chrome=150.0.7871.114)
Build info: version: '4.45.0', revision: 'cd6a3cd cd6a3cdfca6970f62e5bc8344109d0fe0e2af05e'
System info: os.name: 'Windows 10', os.arch: 'amd64', os.version: '10.0', java.version: '25.0.1'
Driver info: org.openqa.selenium.chrome.ChromeDriver
Command: [61e033283bbd1291ff105975b571c530, maximizeCurrentWindow {}]
Capabilities {acceptInsecureCerts: false, browserName: chrome, browserVersion: 150.0.7871.114, chrome: {chromedriverVersion: 150.0.7871.115 (25f5b661e5b..., userDataDir: C:\Users\WORKST~1\AppData\L...}, fedcm:accounts: true, goog:chromeOptions: {debuggerAddress: localhost:51909}, goog:processID: 6232, networkConnectionEnabled: false, pageLoadStrategy: normal, platformName: windows, proxy: Proxy(), se:cdp: ws://localhost:51909/devtoo..., se:cdpVersion: 150.0.7871.114, setWindowRect: true, strictFileInteractability: false, timeouts: {implicit: 0, pageLoad: 300000, script: 30000}, unhandledPromptBehavior: dismiss and notify, webauthn:extension:credBlob: true, webauthn:extension:largeBlob: true, webauthn:extension:minPinLength: true, webauthn:extension:prf: true, webauthn:virtualAuthenticators: true}
Session ID: 61e033283bbd1291ff105975b571c530
at org.openqa.selenium.remote.ErrorCodec.decode(ErrorCodec.java:169)
at org.openqa.selenium.remote.codec.w3c.W3CHttpResponseCodec.decode(W3CHttpResponseCodec.java:143)
at org.openqa.selenium.remote.codec.w3c.W3CHttpResponseCodec.decode(W3CHttpResponseCodec.java:50)
at org.openqa.selenium.remote.HttpCommandExecutor.execute(HttpCommandExecutor.java:196)
at org.openqa.selenium.remote.service.DriverCommandExecutor.invokeExecute(DriverCommandExecutor.java:217)
at org.openqa.selenium.remote.service.DriverCommandExecutor.execute(DriverCommandExecutor.java:175)
at org.openqa.selenium.remote.RemoteWebDriver.execute(RemoteWebDriver.java:575)
at org.openqa.selenium.remote.RemoteWebDriver.execute(RemoteWebDriver.java:657)
at org.openqa.selenium.remote.RemoteWebDriver.execute(RemoteWebDriver.java:661)
at org.openqa.selenium.remote.RemoteWebDriver$RemoteWebDriverOptions$RemoteWindow.maximize(RemoteWebDriver.java:1162)
at tests.TestBase.openWebsite(TestBase.java:31)
at java.base/java.util.ArrayList.forEach(ArrayList.java:1604)
... Removed 29 stack frames]]>
    </failure>
  </testcase> <!-- @BeforeMethod openWebsite -->
  <testcase classname="tests.TestBase" name="@AfterMethod closeWebsite" time="0.0">
    <skipped/>
  </testcase> <!-- @AfterMethod closeWebsite -->
  <testcase classname="tests.TC06_ContactUsForm" name="testContactUsForm" time="35.237"/>
  <testcase classname="tests.TC10_VerifySubscriptionHomePage" name="testSubscription_ValidEmail" time="5.613"/>
  <testcase classname="tests.TC11_VerifySubscriptionCartPage" name="testSubscription_ValidEmailFromCart" time="0.001">
    <skipped/>
  </testcase> <!-- testSubscription_ValidEmailFromCart -->
  <testcase classname="tests.TC12_AddProductsInCart" name="testAddTwoProductsToCart" time="45.249"/>
  <testcase classname="tests.TC13_VerifyProductQuantityInCart" name="testProductQuantityInCart" time="51.657"/>
  <testcase classname="tests.TC17_RemoveProductsFromCart" name="testRemoveProductFromCart" time="37.278"/>
  <testcase classname="tests.TC22_AddToCartFromRecommendedItems" name="testAddToCartFromRecommendedItems" time="10.662"/>
</testsuite> <!-- Automation Exercise Tests -->
