<?xml version="1.0" encoding="UTF-8"?>
<!-- Generated by org.testng.reporters.JUnitXMLReporter -->
<testsuite ignored="0" hostname="DESKTOP-B0ERB3D" failures="0" tests="7" name="TC06_ContactUsForm" time="330.737" errors="0" timestamp="2026-07-16T02:34:56 EEST">
  <testcase classname="tests.TC06_ContactUsForm" name="testContactUsForm" time="18.53"/>
  <testcase classname="tests.TC22_AddToCartFromRecommendedItems" name="testAddToCartFromRecommendedItems" time="10.964"/>
  <testcase classname="tests.TC17_RemoveProductsFromCart" name="testRemoveProductFromCart" time="47.154"/>
  <testcase classname="tests.TC13_VerifyProductQuantityInCart" name="testProductQuantityInCart" time="56.799"/>
  <testcase classname="tests.TC12_AddProductsInCart" name="testAddTwoProductsToCart" time="37.22"/>
  <testcase classname="tests.TC11_VerifySubscriptionCartPage" name="testSubscription_ValidEmailFromCart" time="3.778"/>
  <testcase classname="tests.TC10_VerifySubscriptionHomePage" name="testSubscription_ValidEmail" time="5.897"/>
</testsuite> <!-- TC06_ContactUsForm -->
