<?xml version="1.0" encoding="UTF-8"?>
<!-- Generated by org.testng.reporters.JUnitXMLReporter -->
<testsuite ignored="0" hostname="DESKTOP-B0ERB3D" failures="0" tests="2" name="Login_NegativeTest" time="58.56" errors="0" timestamp="2026-07-16T02:40:01 EEST">
  <testcase classname="tests.Login_NegativeScenario" name="testLogin_IcorrectData" time="10.653"/>
  <testcase classname="tests.Login_NegativeScenario" name="testLogin_IcorrectData" time="4.557"/>
</testsuite> <!-- Login_NegativeTest -->
